This is pdfTeX, Version 3.1415926-2.3-1.40.12 (MiKTeX 2.9) (preloaded format=pdflatex 2015.4.1)  2 APR 2015 10:45
entering extended mode
**C:/Users/Haoyuan/Documents/GitHub/SyntaxOA/syntax/syntax.tex
(C:/Users/Haoyuan/Documents/GitHub/SyntaxOA/syntax/syntax.tex
LaTeX2e <2011/06/27>
Babel <v3.8m> and hyphenation patterns for loaded.
(C:\CTEX\MiKTeX\tex\latex\base\article.cls
Document Class: article 2007/10/19 v1.4h Standard LaTeX document class
(C:\CTEX\MiKTeX\tex\latex\base\size10.clo
File: size10.clo 2007/10/19 v1.4h Standard LaTeX file (size option)
)
\c@part=\count79
\c@section=\count80
\c@subsection=\count81
\c@subsubsection=\count82
\c@paragraph=\count83
\c@subparagraph=\count84
\c@figure=\count85
\c@table=\count86
\abovecaptionskip=\skip41
\belowcaptionskip=\skip42
\bibindent=\dimen102
)
(C:\CTEX\MiKTeX\tex\latex\ams\math\amsmath.sty
Package: amsmath 2000/07/18 v2.13 AMS math features
\@mathmargin=\skip43

For additional information on amsmath, use the `?' option.
(C:\CTEX\MiKTeX\tex\latex\ams\math\amstext.sty
Package: amstext 2000/06/29 v2.01

(C:\CTEX\MiKTeX\tex\latex\ams\math\amsgen.sty
File: amsgen.sty 1999/11/30 v2.0
\@emptytoks=\toks14
\ex@=\dimen103
))
(C:\CTEX\MiKTeX\tex\latex\ams\math\amsbsy.sty
Package: amsbsy 1999/11/29 v1.2d
\pmbraise@=\dimen104
)
(C:\CTEX\MiKTeX\tex\latex\ams\math\amsopn.sty
Package: amsopn 1999/12/14 v2.01 operator names
)
\inf@bad=\count87
LaTeX Info: Redefining \frac on input line 211.
\uproot@=\count88
\leftroot@=\count89
LaTeX Info: Redefining \overline on input line 307.
\classnum@=\count90
\DOTSCASE@=\count91
LaTeX Info: Redefining \ldots on input line 379.
LaTeX Info: Redefining \dots on input line 382.
LaTeX Info: Redefining \cdots on input line 467.
\Mathstrutbox@=\box26
\strutbox@=\box27
\big@size=\dimen105
LaTeX Font Info:    Redeclaring font encoding OML on input line 567.
LaTeX Font Info:    Redeclaring font encoding OMS on input line 568.
\macc@depth=\count92
\c@MaxMatrixCols=\count93
\dotsspace@=\muskip10
\c@parentequation=\count94
\dspbrk@lvl=\count95
\tag@help=\toks15
\row@=\count96
\column@=\count97
\maxfields@=\count98
\andhelp@=\toks16
\eqnshift@=\dimen106
\alignsep@=\dimen107
\tagshift@=\dimen108
\tagwidth@=\dimen109
\totwidth@=\dimen110
\lineht@=\dimen111
\@envbody=\toks17
\multlinegap=\skip44
\multlinetaggap=\skip45
\mathdisplay@stack=\toks18
LaTeX Info: Redefining \[ on input line 2666.
LaTeX Info: Redefining \] on input line 2667.
)
(C:\CTEX\MiKTeX\tex\latex\amsfonts\amsfonts.sty
Package: amsfonts 2009/06/22 v3.00 Basic AMSFonts support
\symAMSa=\mathgroup4
\symAMSb=\mathgroup5
LaTeX Font Info:    Overwriting math alphabet `\mathfrak' in version `bold'
(Font)                  U/euf/m/n --> U/euf/b/n on input line 96.
)
(C:\CTEX\MiKTeX\tex\latex\ams\classes\amsthm.sty
Package: amsthm 2004/08/06 v2.20
\thm@style=\toks19
\thm@bodyfont=\toks20
\thm@headfont=\toks21
\thm@notefont=\toks22
\thm@headpunct=\toks23
\thm@preskip=\skip46
\thm@postskip=\skip47
\thm@headsep=\skip48
\dth@everypar=\toks24
)
(C:\CTEX\MiKTeX\tex\latex\amsfonts\amssymb.sty
Package: amssymb 2009/06/22 v3.00
)
(C:\CTEX\MiKTeX\tex\latex\algorithms\algorithm.sty
Package: algorithm 2009/08/24 v0.1 Document Style `algorithm' - floating enviro
nment

(C:\CTEX\MiKTeX\tex\latex\float\float.sty
Package: float 2001/11/08 v1.3d Float enhancements (AL)
\c@float@type=\count99
\float@exts=\toks25
\float@box=\box28
\@float@everytoks=\toks26
\@floatcapt=\box29
)
(C:\CTEX\MiKTeX\tex\latex\base\ifthen.sty
Package: ifthen 2001/05/26 v1.1c Standard LaTeX ifthen package (DPC)
)
\@float@every@algorithm=\toks27
\c@algorithm=\count100
)
(C:\CTEX\MiKTeX\tex\latex\algorithmicx\algpseudocode.sty
Package: algpseudocode 

(C:\CTEX\MiKTeX\tex\latex\algorithmicx\algorithmicx.sty
Package: algorithmicx 2005/04/27 v1.2 Algorithmicx

Document Style algorithmicx 1.2 - a greatly improved `algorithmic' style
\c@ALG@line=\count101
\c@ALG@rem=\count102
\c@ALG@nested=\count103
\ALG@tlm=\skip49
\ALG@thistlm=\skip50
\c@ALG@Lnr=\count104
\c@ALG@blocknr=\count105
\c@ALG@storecount=\count106
\c@ALG@tmpcounter=\count107
\ALG@tmplength=\skip51
)
Document Style - pseudocode environments for use with the `algorithmicx' style
) (C:\CTEX\MiKTeX\tex\latex\graphics\color.sty
Package: color 2005/11/14 v1.0j Standard LaTeX Color (DPC)

(C:\CTEX\MiKTeX\tex\latex\00miktex\color.cfg
File: color.cfg 2007/01/18 v1.5 color configuration of teTeX/TeXLive
)
Package color Info: Driver file: pdftex.def on input line 130.

(C:\CTEX\MiKTeX\tex\latex\pdftex-def\pdftex.def
File: pdftex.def 2011/05/27 v0.06d Graphics/color for pdfTeX

(C:\CTEX\MiKTeX\tex\generic\oberdiek\infwarerr.sty
Package: infwarerr 2010/04/08 v1.3 Providing info/warning/message (HO)
)
(C:\CTEX\MiKTeX\tex\generic\oberdiek\ltxcmds.sty
Package: ltxcmds 2011/04/18 v1.20 LaTeX kernel commands for general use (HO)
)
\Gread@gobject=\count108
))
(C:\CTEX\MiKTeX\tex\latex\changepage\chngpage.sty
Package: chngpage 2009/10/20 v1.2b change page layout
\c@cp@cnt=\count109
\c@cp@tempcnt=\count110
)
(C:\CTEX\MiKTeX\tex\latex\fancyhdr\extramarks.sty
\@temptokenb=\toks28
)
(C:\CTEX\MiKTeX\tex\latex\graphics\epsfig.sty
Package: epsfig 1999/02/16 v1.7a (e)psfig emulation (SPQR)

(C:\CTEX\MiKTeX\tex\latex\graphics\graphicx.sty
Package: graphicx 1999/02/16 v1.0f Enhanced LaTeX Graphics (DPC,SPQR)

(C:\CTEX\MiKTeX\tex\latex\graphics\keyval.sty
Package: keyval 1999/03/16 v1.13 key=value parser (DPC)
\KV@toks@=\toks29
)
(C:\CTEX\MiKTeX\tex\latex\graphics\graphics.sty
Package: graphics 2009/02/05 v1.0o Standard LaTeX Graphics (DPC,SPQR)

(C:\CTEX\MiKTeX\tex\latex\graphics\trig.sty
Package: trig 1999/03/16 v1.09 sin cos tan (DPC)
)
(C:\CTEX\MiKTeX\tex\latex\00miktex\graphics.cfg
File: graphics.cfg 2007/01/18 v1.5 graphics configuration of teTeX/TeXLive
)
Package graphics Info: Driver file: pdftex.def on input line 91.
)
\Gin@req@height=\dimen112
\Gin@req@width=\dimen113
)
\epsfxsize=\dimen114
\epsfysize=\dimen115
)
(C:\CTEX\MiKTeX\tex\latex\fancyhdr\fancyhdr.sty
\fancy@headwidth=\skip52
\f@ncyO@elh=\skip53
\f@ncyO@erh=\skip54
\f@ncyO@olh=\skip55
\f@ncyO@orh=\skip56
\f@ncyO@elf=\skip57
\f@ncyO@erf=\skip58
\f@ncyO@olf=\skip59
\f@ncyO@orf=\skip60
)
(C:\CTEX\MiKTeX\tex\latex\tools\indentfirst.sty
Package: indentfirst 1995/11/23 v1.03 Indent first paragraph (DPC)
)
(C:\CTEX\MiKTeX\tex\latex\lastpage\lastpage.sty
Package: lastpage 2011/09/01 v1.2k Refers to last page's name (HMM; JPG)
)
(C:\CTEX\MiKTeX\tex\latex\listings\listings.sty
\lst@mode=\count111
\lst@gtempboxa=\box30
\lst@token=\toks30
\lst@length=\count112
\lst@currlwidth=\dimen116
\lst@column=\count113
\lst@pos=\count114
\lst@lostspace=\dimen117
\lst@width=\dimen118
\lst@newlines=\count115
\lst@lineno=\count116
\lst@maxwidth=\dimen119

(C:\CTEX\MiKTeX\tex\latex\listings\lstmisc.sty
File: lstmisc.sty 2007/02/22 1.4 (Carsten Heinz)
\c@lstnumber=\count117
\lst@skipnumbers=\count118
\lst@framebox=\box31
)
(C:\CTEX\MiKTeX\tex\latex\listings\listings.cfg
File: listings.cfg 2007/02/22 1.4 listings configuration
))
Package: listings 2007/02/22 1.4 (Carsten Heinz)

(C:\CTEX\MiKTeX\tex\latex\soul\soul.sty
Package: soul 2003/11/17 v2.4 letterspacing/underlining (mf)
\SOUL@word=\toks31
\SOUL@lasttoken=\toks32
\SOUL@cmds=\toks33
\SOUL@buffer=\toks34
\SOUL@token=\toks35
\SOUL@spaceskip=\skip61
\SOUL@ttwidth=\dimen120
\SOUL@uldp=\dimen121
\SOUL@ulht=\dimen122
)
(C:\CTEX\MiKTeX\tex\latex\setspace\setspace.sty
Package: setspace 2011/12/19 v6.7a set line spacing
)
(C:\CTEX\MiKTeX\tex\latex\wrapfig\wrapfig.sty
\wrapoverhang=\dimen123
\WF@size=\dimen124
\c@WF@wrappedlines=\count119
\WF@box=\box32
\WF@everypar=\toks36
Package: wrapfig 2003/01/31  v 3.6
)
(C:\CTEX\MiKTeX\tex\latex\base\fontenc.sty
Package: fontenc 2005/09/27 v1.99g Standard LaTeX package

(C:\CTEX\MiKTeX\tex\latex\base\t1enc.def
File: t1enc.def 2005/09/27 v1.99g Standard LaTeX file
LaTeX Font Info:    Redeclaring font encoding T1 on input line 43.
))
(C:\CTEX\MiKTeX\tex\latex\bera\beramono.sty
Package: beramono 2004/01/31 (WaS)
)
(C:\CTEX\MiKTeX\tex\latex\listings\lstlang1.sty
File: lstlang1.sty 2004/09/05 1.3 listings language file
)
(C:\Users\Haoyuan\Documents\GitHub\SyntaxOA\syntax\syntax.aux)
LaTeX Font Info:    Checking defaults for OML/cmm/m/it on input line 76.
LaTeX Font Info:    ... okay on input line 76.
LaTeX Font Info:    Checking defaults for T1/cmr/m/n on input line 76.
LaTeX Font Info:    ... okay on input line 76.
LaTeX Font Info:    Checking defaults for OT1/cmr/m/n on input line 76.
LaTeX Font Info:    ... okay on input line 76.
LaTeX Font Info:    Checking defaults for OMS/cmsy/m/n on input line 76.
LaTeX Font Info:    ... okay on input line 76.
LaTeX Font Info:    Checking defaults for OMX/cmex/m/n on input line 76.
LaTeX Font Info:    ... okay on input line 76.
LaTeX Font Info:    Checking defaults for U/cmr/m/n on input line 76.
LaTeX Font Info:    ... okay on input line 76.

(C:\CTEX\MiKTeX\tex\context\base\supp-pdf.mkii
[Loading MPS to PDF converter (version 2006.09.02).]
\scratchcounter=\count120
\scratchdimen=\dimen125
\scratchbox=\box33
\nofMPsegments=\count121
\nofMParguments=\count122
\everyMPshowfont=\toks37
\MPscratchCnt=\count123
\MPscratchDim=\dimen126
\MPnumerator=\count124
\makeMPintoPDFobject=\count125
\everyMPtoPDFconversion=\toks38
)
Package lastpage Info: Please have a look at the pageslts package at
(lastpage)             http://www.ctan.org/tex-archive/ 
(lastpage)             macros/latex/contrib/pageslts/ 
(lastpage)             or
(lastpage)             http://www.ctan.org/tex-archive/ 
(lastpage)             install/macros/latex/contrib/pageslts.tds.zip
(lastpage)             ! on input line 76.
\c@lstlisting=\count126
LaTeX Font Info:    Try loading font information for U+msa on input line 78.
 (C:\CTEX\MiKTeX\tex\latex\amsfonts\umsa.fd
File: umsa.fd 2009/06/22 v3.00 AMS symbols A
)
LaTeX Font Info:    Try loading font information for U+msb on input line 78.

(C:\CTEX\MiKTeX\tex\latex\amsfonts\umsb.fd
File: umsb.fd 2009/06/22 v3.00 AMS symbols B
)
LaTeX Font Info:    Try loading font information for T1+fvm on input line 89.

(C:\CTEX\MiKTeX\tex\latex\bera\t1fvm.fd
File: t1fvm.fd 2004/09/07 scalable font definitions for T1/fvm.
)
LaTeX Font Info:    Font shape `T1/fvm/m/n' will be
(Font)              scaled to size 8.50006pt on input line 89.
LaTeX Font Info:    Font shape `T1/fvm/m/n' will be
(Font)              scaled to size 7.65005pt on input line 89.
LaTeX Font Info:    Font shape `T1/fvm/bx/n' in size <9> not available
(Font)              Font shape `T1/fvm/b/n' tried instead on input line 90.
LaTeX Font Info:    Font shape `T1/fvm/b/n' will be
(Font)              scaled to size 7.65005pt on input line 90.
LaTeX Font Info:    Font shape `T1/fvm/bx/n' in size <10> not available
(Font)              Font shape `T1/fvm/b/n' tried instead on input line 96.
LaTeX Font Info:    Font shape `T1/fvm/b/n' will be
(Font)              scaled to size 8.50006pt on input line 96.
 [1

{C:/CTEX/UserData/pdftex/config/pdftex.map{Unicode.sfd}{UGBK.sfd}}] [2]
LaTeX Font Info:    Font shape `T1/fvm/bx/n' in size <12> not available
(Font)              Font shape `T1/fvm/b/n' tried instead on input line 215.
LaTeX Font Info:    Font shape `T1/fvm/b/n' will be
(Font)              scaled to size 10.20007pt on input line 215.
 
AED: lastpage setting LastPage
[3] (C:\Users\Haoyuan\Documents\GitHub\SyntaxOA\syntax\syntax.aux) ) 
Here is how much of TeX's memory you used:
 4853 strings out of 495354
 61920 string characters out of 3183860
 329787 words of memory out of 3000000
 7920 multiletter control sequences out of 15000+200000
 22490 words of font info for 65 fonts, out of 3000000 for 9000
 14 hyphenation exceptions out of 8191
 32i,11n,43p,330b,1100s stack positions out of 5000i,500n,10000p,200000b,50000s
{C:/CTEX/Mi
KTeX/fonts/enc/dvips/cm-super/cm-super-t1.enc}{C:/CTEX/MiKTeX/fonts/enc/dvips/f
ontname/8r.enc}<C:/CTEX/MiKTeX/fonts/type1/public/amsfonts/cmextra/cmex9.pfb><C
:/CTEX/MiKTeX/fonts/type1/public/amsfonts/cm/cmmi10.pfb><C:/CTEX/MiKTeX/fonts/t
ype1/public/amsfonts/cm/cmmi6.pfb><C:/CTEX/MiKTeX/fonts/type1/public/amsfonts/c
m/cmmi7.pfb><C:/CTEX/MiKTeX/fonts/type1/public/amsfonts/cm/cmmi9.pfb><C:/CTEX/M
iKTeX/fonts/type1/public/amsfonts/cm/cmr10.pfb><C:/CTEX/MiKTeX/fonts/type1/publ
ic/amsfonts/cm/cmr5.pfb><C:/CTEX/MiKTeX/fonts/type1/public/amsfonts/cm/cmr9.pfb
><C:/CTEX/MiKTeX/fonts/type1/public/amsfonts/cm/cmsy10.pfb><C:/CTEX/MiKTeX/font
s/type1/public/amsfonts/cm/cmsy9.pfb><C:/CTEX/MiKTeX/fonts/type1/bera/fvmb8a.pf
b><C:/CTEX/MiKTeX/fonts/type1/bera/fvmr8a.pfb><C:/CTEX/MiKTeX/fonts/type1/publi
c/cm-super/sfbx1000.pfb><C:/CTEX/MiKTeX/fonts/type1/public/cm-super/sfbx1200.pf
b><C:/CTEX/MiKTeX/fonts/type1/public/cm-super/sfbx1440.pfb><C:/CTEX/MiKTeX/font
s/type1/public/cm-super/sfbx2074.pfb><C:/CTEX/MiKTeX/fonts/type1/public/cm-supe
r/sfrm1000.pfb><C:/CTEX/MiKTeX/fonts/type1/public/cm-super/sfrm1200.pfb><C:/CTE
X/MiKTeX/fonts/type1/public/cm-super/sfsl1000.pfb><C:/CTEX/MiKTeX/fonts/type1/p
ublic/cm-super/sfti1000.pfb>
Output written on syntax.pdf (3 pages, 219933 bytes).
PDF statistics:
 94 PDF objects out of 1000 (max. 8388607)
 0 named destinations out of 1000 (max. 500000)
 1 words of extra memory for PDF output out of 10000 (max. 10000000)

